build/intermediates/manifest_merge_blame_file/debug/manifest-merger-blame-debug-report.txt
1<?xml version="1.0" encoding="utf-8"?>
2<manifest xmlns:android="http://schemas.android.com/apk/res/android"
3    package="com.nedzelyuk.game"
4    android:installLocation="preferExternal"
5    android:versionCode="1"
6    android:versionName="1.0" >
7
8    <uses-sdk
9        android:minSdkVersion="16"
9-->src\main\AndroidManifest.xml
10        android:targetSdkVersion="29" />
10-->src\main\AndroidManifest.xml
11
12    <supports-screens
12-->src\main\AndroidManifest.xml:3:3-163
13        android:anyDensity="true"
13-->src\main\AndroidManifest.xml:3:135-160
14        android:largeScreens="true"
14-->src\main\AndroidManifest.xml:3:78-105
15        android:normalScreens="true"
15-->src\main\AndroidManifest.xml:3:49-77
16        android:smallScreens="true"
16-->src\main\AndroidManifest.xml:3:21-48
17        android:xlargeScreens="true" />
17-->src\main\AndroidManifest.xml:3:106-134
18
19    <uses-feature android:glEsVersion="0x00020000" />
19-->src\main\AndroidManifest.xml:16:3-52
19-->src\main\AndroidManifest.xml:16:17-49
20
21    <uses-permission android:name="android.permission.INTERNET" />
21-->src\main\AndroidManifest.xml:17:3-65
21-->src\main\AndroidManifest.xml:17:20-62
22
23    <uses-feature
23-->src\main\AndroidManifest.xml:18:3-88
24        android:name="android.hardware.touchscreen"
24-->src\main\AndroidManifest.xml:18:17-60
25        android:required="false" />
25-->src\main\AndroidManifest.xml:18:61-85
26    <uses-feature
26-->src\main\AndroidManifest.xml:19:3-99
27        android:name="android.hardware.touchscreen.multitouch"
27-->src\main\AndroidManifest.xml:19:17-71
28        android:required="false" />
28-->src\main\AndroidManifest.xml:19:72-96
29    <uses-feature
29-->src\main\AndroidManifest.xml:20:3-108
30        android:name="android.hardware.touchscreen.multitouch.distinct"
30-->src\main\AndroidManifest.xml:20:17-80
31        android:required="false" />
31-->src\main\AndroidManifest.xml:20:81-105
32
33    <uses-permission android:name="android.permission.GET_TASKS" />
33-->[:UnityChannel:] AndroidManifest.xml:9:5-68
33-->[:UnityChannel:] AndroidManifest.xml:9:22-65
34    <uses-permission android:name="android.permission.ACCESS_WIFI_STATE" />
34-->[:UnityChannel:] AndroidManifest.xml:10:5-76
34-->[:UnityChannel:] AndroidManifest.xml:10:22-73
35    <uses-permission android:name="android.permission.ACCESS_NETWORK_STATE" />
35-->[:UnityChannel:] AndroidManifest.xml:11:5-79
35-->[:UnityChannel:] AndroidManifest.xml:11:22-76
36    <uses-permission android:name="com.xiaomi.sdk.permission.PAYMENT" />
36-->[:UnityChannel:] AndroidManifest.xml:12:5-73
36-->[:UnityChannel:] AndroidManifest.xml:12:22-70
37    <uses-permission android:name="android.permission.READ_PHONE_STATE" />
37-->[:UnityChannel:] AndroidManifest.xml:13:5-75
37-->[:UnityChannel:] AndroidManifest.xml:13:22-72
38    <uses-permission android:name="android.permission.GET_ACCOUNTS" />
38-->[:UnityChannel:] AndroidManifest.xml:14:5-71
38-->[:UnityChannel:] AndroidManifest.xml:14:22-68
39    <uses-permission android:name="com.xiaomi.permission.AUTH_SERVICE" />
39-->[:UnityChannel:] AndroidManifest.xml:16:5-74
39-->[:UnityChannel:] AndroidManifest.xml:16:22-71
40
41    <application
41-->src\main\AndroidManifest.xml:4:3-15:17
42        android:debuggable="true"
43        android:icon="@mipmap/app_icon"
43-->src\main\AndroidManifest.xml:4:58-89
44        android:label="@string/app_name"
44-->src\main\AndroidManifest.xml:4:90-122
45        android:testOnly="true"
46        android:theme="@style/UnityThemeSelector" >
46-->src\main\AndroidManifest.xml:4:16-57
47        <activity
47-->src\main\AndroidManifest.xml:5:5-11:16
48            android:name="com.nedzelyuk.game.UnityPlayerActivity"
48-->src\main\AndroidManifest.xml:5:337-390
49            android:configChanges="mcc|mnc|locale|touchscreen|keyboard|keyboardHidden|navigation|orientation|screenLayout|uiMode|screenSize|smallestScreenSize|fontScale|layoutDirection|density"
49-->src\main\AndroidManifest.xml:5:119-300
50            android:hardwareAccelerated="false"
50-->src\main\AndroidManifest.xml:5:301-336
51            android:label="@string/app_name"
51-->src\main\AndroidManifest.xml:5:15-47
52            android:launchMode="singleTask"
52-->src\main\AndroidManifest.xml:5:87-118
53            android:screenOrientation="fullSensor" >
53-->src\main\AndroidManifest.xml:5:48-86
54            <intent-filter>
54-->src\main\AndroidManifest.xml:6:7-9:23
55                <action android:name="android.intent.action.MAIN" />
55-->src\main\AndroidManifest.xml:7:9-61
55-->src\main\AndroidManifest.xml:7:17-58
56
57                <category android:name="android.intent.category.LAUNCHER" />
57-->src\main\AndroidManifest.xml:8:9-69
57-->src\main\AndroidManifest.xml:8:19-66
58            </intent-filter>
59
60            <meta-data
60-->src\main\AndroidManifest.xml:10:7-82
61                android:name="unityplayer.UnityActivity"
61-->src\main\AndroidManifest.xml:10:18-58
62                android:value="true" />
62-->src\main\AndroidManifest.xml:10:59-79
63        </activity>
64
65        <meta-data
65-->src\main\AndroidManifest.xml:12:5-101
66            android:name="unity.build-id"
66-->src\main\AndroidManifest.xml:12:16-45
67            android:value="305c6427-d202-4233-a927-7f0f0282a18e" />
67-->src\main\AndroidManifest.xml:12:46-98
68        <meta-data
68-->src\main\AndroidManifest.xml:13:5-69
69            android:name="unity.splash-mode"
69-->src\main\AndroidManifest.xml:13:16-48
70            android:value="0" />
70-->src\main\AndroidManifest.xml:13:49-66
71        <meta-data
71-->src\main\AndroidManifest.xml:14:5-74
72            android:name="unity.splash-enable"
72-->src\main\AndroidManifest.xml:14:16-50
73            android:value="True" />
73-->src\main\AndroidManifest.xml:14:51-71
74        <!-- Xiaomi SDK Need -->
75        <activity
75-->[:UnityChannel:] AndroidManifest.xml:21:9-26:20
76            android:name="com.xiaomi.gamecenter.sdk.ui.MiActivity"
76-->[:UnityChannel:] AndroidManifest.xml:22:13-67
77            android:configChanges="orientation|screenSize"
77-->[:UnityChannel:] AndroidManifest.xml:23:13-59
78            android:screenOrientation="behind"
78-->[:UnityChannel:] AndroidManifest.xml:24:13-47
79            android:theme="@android:style/Theme.Translucent.NoTitleBar" >
79-->[:UnityChannel:] AndroidManifest.xml:25:13-72
80        </activity>
81        <activity
81-->[:UnityChannel:] AndroidManifest.xml:27:9-31:75
82            android:name="com.xiaomi.gamecenter.sdk.ui.PayListActivity"
82-->[:UnityChannel:] AndroidManifest.xml:28:13-72
83            android:configChanges="orientation|screenSize"
83-->[:UnityChannel:] AndroidManifest.xml:29:13-59
84            android:exported="true"
84-->[:UnityChannel:] AndroidManifest.xml:30:13-36
85            android:theme="@android:style/Theme.Translucent.NoTitleBar" />
85-->[:UnityChannel:] AndroidManifest.xml:31:13-72
86        <activity
86-->[:UnityChannel:] AndroidManifest.xml:32:9-36:75
87            android:name="com.xiaomi.gamecenter.alipay.HyAlipayActivity"
87-->[:UnityChannel:] AndroidManifest.xml:33:13-73
88            android:configChanges="orientation|screenSize"
88-->[:UnityChannel:] AndroidManifest.xml:34:13-59
89            android:exported="true"
89-->[:UnityChannel:] AndroidManifest.xml:35:13-36
90            android:theme="@android:style/Theme.Translucent.NoTitleBar" />
90-->[:UnityChannel:] AndroidManifest.xml:36:13-72
91        <activity
91-->[:UnityChannel:] AndroidManifest.xml:37:9-41:75
92            android:name="com.xiaomi.account.openauth.AuthorizeActivity"
92-->[:UnityChannel:] AndroidManifest.xml:38:13-73
93            android:configChanges="orientation|screenSize"
93-->[:UnityChannel:] AndroidManifest.xml:39:13-59
94            android:exported="true"
94-->[:UnityChannel:] AndroidManifest.xml:40:13-36
95            android:theme="@android:style/Theme.Translucent.NoTitleBar" />
95-->[:UnityChannel:] AndroidManifest.xml:41:13-72
96        <activity
96-->[:UnityChannel:] AndroidManifest.xml:42:9-46:75
97            android:name="com.xiaomi.gamecenter.wxwap.HyWxWappayActivity"
97-->[:UnityChannel:] AndroidManifest.xml:43:13-74
98            android:configChanges="orientation|screenSize"
98-->[:UnityChannel:] AndroidManifest.xml:44:13-59
99            android:exported="true"
99-->[:UnityChannel:] AndroidManifest.xml:45:13-36
100            android:theme="@android:style/Theme.Translucent.NoTitleBar" />
100-->[:UnityChannel:] AndroidManifest.xml:46:13-72
101        <activity
101-->[:UnityChannel:] AndroidManifest.xml:47:9-52:70
102            android:name="com.alipay.sdk.app.H5PayActivity"
102-->[:UnityChannel:] AndroidManifest.xml:48:13-60
103            android:configChanges="orientation|keyboardHidden|navigation|screenSize"
103-->[:UnityChannel:] AndroidManifest.xml:49:13-85
104            android:exported="false"
104-->[:UnityChannel:] AndroidManifest.xml:50:13-37
105            android:screenOrientation="behind"
105-->[:UnityChannel:] AndroidManifest.xml:51:13-47
106            android:windowSoftInputMode="adjustResize|stateHidden" />
106-->[:UnityChannel:] AndroidManifest.xml:52:13-67
107    </application>
108
109</manifest>